<?xml version="1.0" encoding="UTF-8"?>
<!-- Generated by org.testng.reporters.JUnitReportReporter -->
<testsuite hostname="LTIN448048" failures="0" tests="6" name="emiCalculatorTest.ValidationTest" time="73.532" errors="0" timestamp="2023-07-12T14:38:32 IST" skipped="0">
  <testcase classname="emiCalculatorTest.ValidationTest" name="EMICalculator" time="13.899"/>
  <system-out/>
  <testcase classname="emiCalculatorTest.ValidationTest" name="loanTenureCalculator" time="10.600"/>
  <system-out/>
  <testcase classname="emiCalculatorTest.ValidationTest" name="EMICalculator" time="14.350"/>
  <system-out/>
  <testcase classname="emiCalculatorTest.ValidationTest" name="loanTenureCalculator" time="10.763"/>
  <system-out/>
  <testcase classname="emiCalculatorTest.ValidationTest" name="loanAmountCalculator" time="12.188"/>
  <system-out/>
  <testcase classname="emiCalculatorTest.ValidationTest" name="loanAmountCalculator" time="11.732"/>
  <system-out/>
</testsuite> <!-- emiCalculatorTest.ValidationTest -->
