<?xml version="1.0" encoding="UTF-8"?>
<!-- Generated by org.testng.reporters.JUnitReportReporter -->
<testsuite hostname="LTIN448048" failures="0" tests="2" name="emiCalculatorTest.CarEmiTest" time="22.069" errors="0" timestamp="2023-07-12T14:38:32 IST" skipped="0">
  <testcase classname="emiCalculatorTest.CarEmiTest" name="carEMI" time="11.261"/>
  <system-out/>
  <testcase classname="emiCalculatorTest.CarEmiTest" name="carEMI" time="10.808"/>
  <system-out/>
</testsuite> <!-- emiCalculatorTest.CarEmiTest -->
