<?xml version="1.0" encoding="UTF-8"?>
<!-- Generated by org.testng.reporters.JUnitReportReporter -->
<testsuite hostname="LTIN448048" failures="0" tests="2" name="emiCalculator.Base.EMIBase" time="79.663" errors="0" timestamp="2023-07-12T14:38:32 IST" skipped="0">
  <testcase classname="emiCalculator.Base.EMIBase" name="launchBrowser" time="9.497"/>
  <system-out/>
  <testcase classname="emiCalculator.Base.EMIBase" name="launchBrowser" time="70.166"/>
  <system-out/>
</testsuite> <!-- emiCalculator.Base.EMIBase -->
