<?xml version="1.0" encoding="UTF-8"?>
<!-- Generated by org.testng.reporters.JUnitReportReporter -->
<testsuite hostname="LTIN448048" failures="0" tests="2" name="emiCalculatorTest.HomeLoanTest" time="24.378" errors="0" timestamp="2023-07-12T14:38:32 IST" skipped="0">
  <testcase classname="emiCalculatorTest.HomeLoanTest" name="homeLoan" time="10.463"/>
  <system-out/>
  <testcase classname="emiCalculatorTest.HomeLoanTest" name="homeLoan" time="13.915"/>
  <system-out/>
</testsuite> <!-- emiCalculatorTest.HomeLoanTest -->
